This is pdfTeX, Version 3.14159265-2.6-1.40.15 (TeX Live 2014) (preloaded format=pdflatex 2015.8.13)  31 AUG 2015 17:54
entering extended mode
 restricted \write18 enabled.
 %&-line parsing enabled.
**notex.tex
(./notex.tex
LaTeX2e <2011/06/27>
Babel <3.9k> and hyphenation patterns for 3 languages loaded.
(/usr/share/texlive/texmf-dist/tex/latex/base/report.cls
Document Class: report 2007/10/19 v1.4h Standard LaTeX document class
(/usr/share/texlive/texmf-dist/tex/latex/base/size10.clo
File: size10.clo 2007/10/19 v1.4h Standard LaTeX file (size option)
)
\c@part=\count79
\c@chapter=\count80
\c@section=\count81
\c@subsection=\count82
\c@subsubsection=\count83
\c@paragraph=\count84
\c@subparagraph=\count85
\c@figure=\count86
\c@table=\count87
\abovecaptionskip=\skip41
\belowcaptionskip=\skip42
\bibindent=\dimen102
)
(/usr/share/texlive/texmf-dist/tex/latex/graphics/color.sty
Package: color 2005/11/14 v1.0j Standard LaTeX Color (DPC)

(/usr/share/texlive/texmf-dist/tex/latex/latexconfig/color.cfg
File: color.cfg 2007/01/18 v1.5 color configuration of teTeX/TeXLive
)
Package color Info: Driver file: pdftex.def on input line 130.

(/usr/share/texlive/texmf-dist/tex/latex/pdftex-def/pdftex.def
File: pdftex.def 2011/05/27 v0.06d Graphics/color for pdfTeX

(/usr/share/texlive/texmf-dist/tex/generic/oberdiek/infwarerr.sty
Package: infwarerr 2010/04/08 v1.3 Providing info/warning/error messages (HO)
)
(/usr/share/texlive/texmf-dist/tex/generic/oberdiek/ltxcmds.sty
Package: ltxcmds 2011/11/09 v1.22 LaTeX kernel commands for general use (HO)
)
\Gread@gobject=\count88
))
(/usr/share/texlive/texmf-dist/tex/latex/commath/commath.sty
(/usr/share/texlive/texmf-dist/tex/latex/base/ifthen.sty
Package: ifthen 2001/05/26 v1.1c Standard LaTeX ifthen package (DPC)
)
(/usr/share/texlive/texmf-dist/tex/latex/amsmath/amsmath.sty
Package: amsmath 2013/01/14 v2.14 AMS math features
\@mathmargin=\skip43

For additional information on amsmath, use the `?' option.
(/usr/share/texlive/texmf-dist/tex/latex/amsmath/amstext.sty
Package: amstext 2000/06/29 v2.01

(/usr/share/texlive/texmf-dist/tex/latex/amsmath/amsgen.sty
File: amsgen.sty 1999/11/30 v2.0
\@emptytoks=\toks14
\ex@=\dimen103
))
(/usr/share/texlive/texmf-dist/tex/latex/amsmath/amsbsy.sty
Package: amsbsy 1999/11/29 v1.2d
\pmbraise@=\dimen104
)
(/usr/share/texlive/texmf-dist/tex/latex/amsmath/amsopn.sty
Package: amsopn 1999/12/14 v2.01 operator names
)
\inf@bad=\count89
LaTeX Info: Redefining \frac on input line 210.
\uproot@=\count90
\leftroot@=\count91
LaTeX Info: Redefining \overline on input line 306.
\classnum@=\count92
\DOTSCASE@=\count93
LaTeX Info: Redefining \ldots on input line 378.
LaTeX Info: Redefining \dots on input line 381.
LaTeX Info: Redefining \cdots on input line 466.
\Mathstrutbox@=\box26
\strutbox@=\box27
\big@size=\dimen105
LaTeX Font Info:    Redeclaring font encoding OML on input line 566.
LaTeX Font Info:    Redeclaring font encoding OMS on input line 567.
\macc@depth=\count94
\c@MaxMatrixCols=\count95
\dotsspace@=\muskip10
\c@parentequation=\count96
\dspbrk@lvl=\count97
\tag@help=\toks15
\row@=\count98
\column@=\count99
\maxfields@=\count100
\andhelp@=\toks16
\eqnshift@=\dimen106
\alignsep@=\dimen107
\tagshift@=\dimen108
\tagwidth@=\dimen109
\totwidth@=\dimen110
\lineht@=\dimen111
\@envbody=\toks17
\multlinegap=\skip44
\multlinetaggap=\skip45
\mathdisplay@stack=\toks18
LaTeX Info: Redefining \[ on input line 2665.
LaTeX Info: Redefining \] on input line 2666.
))
(/usr/share/texlive/texmf-dist/tex/latex/listings/listings.sty
(/usr/share/texlive/texmf-dist/tex/latex/graphics/keyval.sty
Package: keyval 1999/03/16 v1.13 key=value parser (DPC)
\KV@toks@=\toks19
)
\lst@mode=\count101
\lst@gtempboxa=\box28
\lst@token=\toks20
\lst@length=\count102
\lst@currlwidth=\dimen112
\lst@column=\count103
\lst@pos=\count104
\lst@lostspace=\dimen113
\lst@width=\dimen114
\lst@newlines=\count105
\lst@lineno=\count106
\lst@maxwidth=\dimen115

(/usr/share/texlive/texmf-dist/tex/latex/listings/lstmisc.sty
File: lstmisc.sty 2014/03/04 1.5c (Carsten Heinz)
\c@lstnumber=\count107
\lst@skipnumbers=\count108
\lst@framebox=\box29
)
(/usr/share/texlive/texmf-dist/tex/latex/listings/listings.cfg
File: listings.cfg 2014/03/04 1.5c listings configuration
))
Package: listings 2014/03/04 1.5c (Carsten Heinz)

(/usr/share/texlive/texmf-dist/tex/latex/pdfpages/pdfpages.sty
Package: pdfpages 2013/08/25 v0.4v Insert pages of external PDF documents (AM)

(/usr/share/texlive/texmf-dist/tex/latex/tools/calc.sty
Package: calc 2007/08/22 v4.3 Infix arithmetic (KKT,FJ)
\calc@Acount=\count109
\calc@Bcount=\count110
\calc@Adimen=\dimen116
\calc@Bdimen=\dimen117
\calc@Askip=\skip46
\calc@Bskip=\skip47
LaTeX Info: Redefining \setlength on input line 76.
LaTeX Info: Redefining \addtolength on input line 77.
\calc@Ccount=\count111
\calc@Cskip=\skip48
)
(/usr/share/texlive/texmf-dist/tex/latex/eso-pic/eso-pic.sty
Package: eso-pic 2013/10/06 v2.0d eso-pic (RN)

(/usr/share/texlive/texmf-dist/tex/generic/oberdiek/atbegshi.sty
Package: atbegshi 2011/10/05 v1.16 At begin shipout hook (HO)

(/usr/share/texlive/texmf-dist/tex/generic/oberdiek/ifpdf.sty
Package: ifpdf 2011/01/30 v2.3 Provides the ifpdf switch (HO)
Package ifpdf Info: pdfTeX in PDF mode is detected.
)))
(/usr/share/texlive/texmf-dist/tex/latex/graphics/graphicx.sty
Package: graphicx 1999/02/16 v1.0f Enhanced LaTeX Graphics (DPC,SPQR)

(/usr/share/texlive/texmf-dist/tex/latex/graphics/graphics.sty
Package: graphics 2009/02/05 v1.0o Standard LaTeX Graphics (DPC,SPQR)

(/usr/share/texlive/texmf-dist/tex/latex/graphics/trig.sty
Package: trig 1999/03/16 v1.09 sin cos tan (DPC)
)
(/usr/share/texlive/texmf-dist/tex/latex/latexconfig/graphics.cfg
File: graphics.cfg 2010/04/23 v1.9 graphics configuration of TeX Live
)
Package graphics Info: Driver file: pdftex.def on input line 91.
)
\Gin@req@height=\dimen118
\Gin@req@width=\dimen119
)
(/usr/share/texlive/texmf-dist/tex/latex/pdfpages/pppdftex.def
File: pppdftex.def 2013/08/25 v0.4v Pdfpages driver for pdfTeX (AM)
)
\AM@pagebox=\box30
\AM@toc@title=\toks21
\c@AM@survey=\count112
\AM@templatesizebox=\box31
)
(/usr/share/texlive/texmf-dist/tex/latex/rotating/rotating.sty
Package: rotating 2009/03/28 v2.16a rotated objects in LaTeX
\c@r@tfl@t=\count113
\rotFPtop=\skip49
\rotFPbot=\skip50
\rot@float@box=\box32
\rot@mess@toks=\toks22
)
(/usr/share/texlive/texmf-dist/tex/latex/tools/longtable.sty
Package: longtable 2004/02/01 v4.11 Multi-page Table package (DPC)
\LTleft=\skip51
\LTright=\skip52
\LTpre=\skip53
\LTpost=\skip54
\LTchunksize=\count114
\LTcapwidth=\dimen120
\LT@head=\box33
\LT@firsthead=\box34
\LT@foot=\box35
\LT@lastfoot=\box36
\LT@cols=\count115
\LT@rows=\count116
\c@LT@tables=\count117
\c@LT@chunks=\count118
\LT@p@ftn=\toks23
)
(/usr/share/texlive/texmf-dist/tex/latex/listings/lstlang1.sty
File: lstlang1.sty 2014/03/04 1.5c listings language file
) (./notex.aux
(./taxonomy.aux) (./aspire.aux) (./debugging.aux) (./math.aux) (./txl.aux)
(./R.aux) (./csurf.aux))
\openout1 = `notex.aux'.

LaTeX Font Info:    Checking defaults for OML/cmm/m/it on input line 40.
LaTeX Font Info:    ... okay on input line 40.
LaTeX Font Info:    Checking defaults for T1/cmr/m/n on input line 40.
LaTeX Font Info:    ... okay on input line 40.
LaTeX Font Info:    Checking defaults for OT1/cmr/m/n on input line 40.
LaTeX Font Info:    ... okay on input line 40.
LaTeX Font Info:    Checking defaults for OMS/cmsy/m/n on input line 40.
LaTeX Font Info:    ... okay on input line 40.
LaTeX Font Info:    Checking defaults for OMX/cmex/m/n on input line 40.
LaTeX Font Info:    ... okay on input line 40.
LaTeX Font Info:    Checking defaults for U/cmr/m/n on input line 40.
LaTeX Font Info:    ... okay on input line 40.

(/usr/share/texlive/texmf-dist/tex/context/base/supp-pdf.mkii
[Loading MPS to PDF converter (version 2006.09.02).]
\scratchcounter=\count119
\scratchdimen=\dimen121
\scratchbox=\box37
\nofMPsegments=\count120
\nofMParguments=\count121
\everyMPshowfont=\toks24
\MPscratchCnt=\count122
\MPscratchDim=\dimen122
\MPnumerator=\count123
\makeMPintoPDFobject=\count124
\everyMPtoPDFconversion=\toks25
)
\c@lstlisting=\count125
\AtBeginShipoutBox=\box38
 (/usr/share/texlive/texmf-dist/tex/generic/oberdiek/pdftexcmds.sty
Package: pdftexcmds 2011/11/29 v0.20 Utility functions of pdfTeX for LuaTeX (HO
)

(/usr/share/texlive/texmf-dist/tex/generic/oberdiek/ifluatex.sty
Package: ifluatex 2010/03/01 v1.3 Provides the ifluatex switch (HO)
Package ifluatex Info: LuaTeX not detected.
)
Package pdftexcmds Info: LuaTeX not detected.
Package pdftexcmds Info: \pdf@primitive is available.
Package pdftexcmds Info: \pdf@ifprimitive is available.
Package pdftexcmds Info: \pdfdraftmode found.
)
(/usr/share/texlive/texmf-dist/tex/latex/oberdiek/epstopdf-base.sty
Package: epstopdf-base 2010/02/09 v2.5 Base part for package epstopdf

(/usr/share/texlive/texmf-dist/tex/latex/oberdiek/grfext.sty
Package: grfext 2010/08/19 v1.1 Manage graphics extensions (HO)

(/usr/share/texlive/texmf-dist/tex/generic/oberdiek/kvdefinekeys.sty
Package: kvdefinekeys 2011/04/07 v1.3 Define keys (HO)
))
(/usr/share/texlive/texmf-dist/tex/latex/oberdiek/kvoptions.sty
Package: kvoptions 2011/06/30 v3.11 Key value format for package options (HO)

(/usr/share/texlive/texmf-dist/tex/generic/oberdiek/kvsetkeys.sty
Package: kvsetkeys 2012/04/25 v1.16 Key value parser (HO)

(/usr/share/texlive/texmf-dist/tex/generic/oberdiek/etexcmds.sty
Package: etexcmds 2011/02/16 v1.5 Avoid name clashes with e-TeX commands (HO)
Package etexcmds Info: Could not find \expanded.
(etexcmds)             That can mean that you are not using pdfTeX 1.50 or
(etexcmds)             that some package has redefined \expanded.
(etexcmds)             In the latter case, load this package earlier.
)))
Package grfext Info: Graphics extension search list:
(grfext)             [.png,.pdf,.jpg,.mps,.jpeg,.jbig2,.jb2,.PNG,.PDF,.JPG,.JPE
G,.JBIG2,.JB2,.eps]
(grfext)             \AppendGraphicsExtensions on input line 452.

(/usr/share/texlive/texmf-dist/tex/latex/latexconfig/epstopdf-sys.cfg
File: epstopdf-sys.cfg 2010/07/13 v1.3 Configuration of (r)epstopdf for TeX Liv
e
))
[1

{/usr/share/texlive/texmf-dist/fonts/map/pdftex/updmap/pdftex.map}] [1]
(./notex.toc [1

])
\tf@toc=\write3
\openout3 = `notex.toc'.

 [2]
\openout2 = `./taxonomy.aux'.

 (./taxonomy.tex
Chapter 1.
Missing character: There is no ‚ in font cmr10!
Missing character: There is no Ä in font cmr10!
Missing character: There is no ú in font cmr10!
Missing character: There is no ‚ in font cmr10!
Missing character: There is no Ä in font cmr10!
Missing character: There is no ù in font cmr10!
LaTeX Font Info:    Try loading font information for OMS+cmr on input line 13.
(/usr/share/texlive/texmf-dist/tex/latex/base/omscmr.fd
File: omscmr.fd 1999/05/25 v2.5h Standard LaTeX font definitions
)
LaTeX Font Info:    Font shape `OMS/cmr/m/n' in size <10> not available
(Font)              Font shape `OMS/cmsy/m/n' tried instead on input line 13.
 [3


] [4] [5] [6

]
Underfull \hbox (badness 10000) in paragraph at lines 138--139

 []


Underfull \hbox (badness 10000) in paragraph at lines 138--139

 []

) [7

]
\openout2 = `./aspire.aux'.

 (./aspire.tex
Chapter 2.
[8



] [9] [10]
Overfull \hbox (29.21358pt too wide) in paragraph at lines 132--134
\OT1/cmr/m/n/10 tion will be eval-u-ated an con-verted in a con-crete pro-tec-t
ion strat-egy. [][][][][][] 
 []

[11] (/usr/share/texlive/texmf-dist/tex/latex/listings/lstlang1.sty
File: lstlang1.sty 2014/03/04 1.5c listings language file
)
(/usr/share/texlive/texmf-dist/tex/latex/listings/lstmisc.sty
File: lstmisc.sty 2014/03/04 1.5c (Carsten Heinz)
)) [12]
\openout2 = `./debugging.aux'.


(./debugging.tex
Chapter 3.
[13



] [14]
Underfull \hbox (badness 10000) in paragraph at lines 70--71

 []

) [15]
\openout2 = `./math.aux'.

 (./math.tex
Chapter 4.

Overfull \hbox (2.01906pt too wide) in paragraph at lines 3--4
\OT1/cmr/m/n/10 Is a ma-trix con-sti-tuted by the same classes on both columns 
and rows. [][][][][][] 
 []


Underfull \hbox (badness 10000) in paragraph at lines 20--22

 []

[16



]
Underfull \hbox (badness 10000) in paragraph at lines 40--44

 []


Underfull \hbox (badness 10000) in paragraph at lines 46--50

 []

[17]
Missing character: There is no ‚ in font cmr10!
Missing character: There is no Ä in font cmr10!
Missing character: There is no î in font cmr10!

Underfull \hbox (badness 10000) in paragraph at lines 66--69

 []

[18]
Underfull \hbox (badness 10000) in paragraph at lines 89--93

 []

) [19]
\openout2 = `./txl.aux'.

 (./txl.tex
Chapter 5.
[20



] [21] [22]
LaTeX Font Info:    Try loading font information for OML+cmr on input line 116.

 (/usr/share/texlive/texmf-dist/tex/latex/base/omlcmr.fd
File: omlcmr.fd 1999/05/25 v2.5h Standard LaTeX font definitions
)
LaTeX Font Info:    Font shape `OML/cmr/m/n' in size <10> not available
(Font)              Font shape `OML/cmm/m/it' tried instead on input line 116.

[23]) [24]
\openout2 = `./R.aux'.

 (./R.tex
Chapter 6.
(/usr/share/texlive/texmf-dist/tex/latex/listings/lstlang1.sty
File: lstlang1.sty 2014/03/04 1.5c listings language file
)
(/usr/share/texlive/texmf-dist/tex/latex/listings/lstlang2.sty
File: lstlang2.sty 2014/03/04 1.5c listings language file
)
(/usr/share/texlive/texmf-dist/tex/latex/listings/lstlang3.sty
File: lstlang3.sty 2014/03/04 1.5c listings language file
) [25



]
Overfull \hbox (37.49138pt too wide) in paragraph at lines 60--62
[]\OT1/cmr/m/n/10 to ac-cess a sub-value of a in-dex/ref-er-ence (e.g. the ar-r
ay) use ls[[indexLst]][indexArray] 
 []

[26] [27] <./img/GLM_debugging.png, id=110, 796.9775pt x 310.15875pt>
File: ./img/GLM_debugging.png Graphic file (type png)

<use ./img/GLM_debugging.png>
Package pdftex.def Info: ./img/GLM_debugging.png used on input line 132.
(pdftex.def)             Requested size: 345.0pt x 134.26013pt.

Overfull \hbox (15.0pt too wide) in paragraph at lines 132--134
[][]
 []

[28 <./img/GLM_debugging.png>] [29]
Missing character: There is no ‚ in font cmtt9!
Missing character: There is no Ä in font cmtt9!
Missing character: There is no ò in font cmtt9!
Missing character: There is no ‚ in font cmtt9!
Missing character: There is no Ä in font cmtt9!
Missing character: There is no ô in font cmtt9!
Missing character: There is no ‚ in font cmtt9!
Missing character: There is no Ä in font cmtt9!
Missing character: There is no ò in font cmtt9!
Missing character: There is no ‚ in font cmtt9!
Missing character: There is no Ä in font cmtt9!
Missing character: There is no ô in font cmtt9!
Missing character: There is no ‚ in font cmtt9!
Missing character: There is no Ä in font cmtt9!
Missing character: There is no ò in font cmtt9!
Missing character: There is no ‚ in font cmtt9!
Missing character: There is no Ä in font cmtt9!
Missing character: There is no ô in font cmtt9!
Missing character: There is no ‚ in font cmtt9!
Missing character: There is no Ä in font cmtt9!
Missing character: There is no ò in font cmtt9!
Missing character: There is no ‚ in font cmtt9!
Missing character: There is no Ä in font cmtt9!
Missing character: There is no ô in font cmtt9!
Missing character: There is no ‚ in font cmtt9!
Missing character: There is no Ä in font cmtt9!
Missing character: There is no ò in font cmtt9!
Missing character: There is no ‚ in font cmtt9!
Missing character: There is no Ä in font cmtt9!
Missing character: There is no ô in font cmtt9!

<./img/box_fix_treatment.pdf, id=120, 844.15375pt x 597.23125pt>
File: ./img/box_fix_treatment.pdf Graphic file (type pdf)

<use ./img/box_fix_treatment.pdf>
Package pdftex.def Info: ./img/box_fix_treatment.pdf used on input line 210.
(pdftex.def)             Requested size: 172.5pt x 122.04134pt.

<./img/box_fix_ability.pdf, id=121, 844.15375pt x 597.23125pt>
File: ./img/box_fix_ability.pdf Graphic file (type pdf)

<use ./img/box_fix_ability.pdf>
Package pdftex.def Info: ./img/box_fix_ability.pdf used on input line 216.
(pdftex.def)             Requested size: 172.5pt x 122.04134pt.

<./img/box_fix_experience.pdf, id=122, 844.15375pt x 597.23125pt>
File: ./img/box_fix_experience.pdf Graphic file (type pdf)

<use ./img/box_fix_experience.pdf>
Package pdftex.def Info: ./img/box_fix_experience.pdf used on input line 217.
(pdftex.def)             Requested size: 172.5pt x 122.04134pt.

Overfull \hbox (2.22221pt too wide) in paragraph at lines 216--218
[][] [] 
 []


<./img/interaction_FixTreatmentAbility.pdf, id=123, 844.15375pt x 597.23125pt>
File: ./img/interaction_FixTreatmentAbility.pdf Graphic file (type pdf)

<use ./img/interaction_FixTreatmentAbility.pdf>
Package pdftex.def Info: ./img/interaction_FixTreatmentAbility.pdf used on inpu
t line 223.
(pdftex.def)             Requested size: 345.0pt x 244.09178pt.
 [30 <./img/box_fix_treatment.pdf>] [31 <./img/box_fix_ability.pdf> <./img/box_
fix_experience.pdf> <./img/interaction_FixTreatmentAbility.pdf>] [32]
Missing character: There is no ‚ in font cmtt9!
Missing character: There is no Ä in font cmtt9!
Missing character: There is no ò in font cmtt9!
Missing character: There is no ‚ in font cmtt9!
Missing character: There is no Ä in font cmtt9!
Missing character: There is no ô in font cmtt9!
Missing character: There is no ‚ in font cmtt9!
Missing character: There is no Ä in font cmtt9!
Missing character: There is no ò in font cmtt9!
Missing character: There is no ‚ in font cmtt9!
Missing character: There is no Ä in font cmtt9!
Missing character: There is no ô in font cmtt9!
Missing character: There is no ‚ in font cmtt9!
Missing character: There is no Ä in font cmtt9!
Missing character: There is no ò in font cmtt9!
Missing character: There is no ‚ in font cmtt9!
Missing character: There is no Ä in font cmtt9!
Missing character: There is no ô in font cmtt9!
Missing character: There is no ‚ in font cmtt9!
Missing character: There is no Ä in font cmtt9!
Missing character: There is no ò in font cmtt9!
Missing character: There is no ‚ in font cmtt9!
Missing character: There is no Ä in font cmtt9!
Missing character: There is no ô in font cmtt9!
Missing character: There is no ‚ in font cmtt9!
Missing character: There is no Ä in font cmtt9!
Missing character: There is no ò in font cmtt9!
Missing character: There is no ‚ in font cmtt9!
Missing character: There is no Ä in font cmtt9!
Missing character: There is no ô in font cmtt9!

<./img/box_eff_treatment.pdf, id=153, 844.15375pt x 597.23125pt>
File: ./img/box_eff_treatment.pdf Graphic file (type pdf)

<use ./img/box_eff_treatment.pdf>
Package pdftex.def Info: ./img/box_eff_treatment.pdf used on input line 288.
(pdftex.def)             Requested size: 172.5pt x 122.04134pt.

<./img/box_eff_ability.pdf, id=154, 844.15375pt x 597.23125pt>
File: ./img/box_eff_ability.pdf Graphic file (type pdf)

<use ./img/box_eff_ability.pdf>
Package pdftex.def Info: ./img/box_eff_ability.pdf used on input line 299.
(pdftex.def)             Requested size: 172.5pt x 122.04134pt.

<./img/box_eff_experience.pdf, id=155, 844.15375pt x 597.23125pt>
File: ./img/box_eff_experience.pdf Graphic file (type pdf)

<use ./img/box_eff_experience.pdf>
Package pdftex.def Info: ./img/box_eff_experience.pdf used on input line 300.
(pdftex.def)             Requested size: 172.5pt x 122.04134pt.

Overfull \hbox (2.22221pt too wide) in paragraph at lines 299--301
[][] [] 
 []


<./img/interaction_EfficiencyTreatmentAbility.pdf, id=156, 844.15375pt x 597.23
125pt>
File: ./img/interaction_EfficiencyTreatmentAbility.pdf Graphic file (type pdf)
 <use ./img/interaction_EfficiencyTreatmentAbility.pdf>
Package pdftex.def Info: ./img/interaction_EfficiencyTreatmentAbility.pdf used 
on input line 306.
(pdftex.def)             Requested size: 345.0pt x 244.09178pt.
 [33 <./img/box_eff_treatment.pdf>] [34 <./img/box_eff_ability.pdf> <./img/box_
eff_experience.pdf> <./img/interaction_EfficiencyTreatmentAbility.pdf>]) [35]
\openout2 = `./csurf.aux'.

 (./csurf.tex
Chapter 7.
(/usr/share/texlive/texmf-dist/tex/latex/listings/lstlang1.sty
File: lstlang1.sty 2014/03/04 1.5c listings language file
)
(/usr/share/texlive/texmf-dist/tex/latex/listings/lstlang1.sty
File: lstlang1.sty 2014/03/04 1.5c listings language file
) [36



]
Overfull \hbox (3.79684pt too wide) in paragraph at lines 37--38
\OT1/cmr/m/n/10 clicking on the "source.c" el-e-ment the code struc-ture can be
 ex-plored. CodeSurfer
 []


Underfull \hbox (badness 10000) in paragraph at lines 46--50

 []

[37] [38]
Overfull \hbox (1.73512pt too wide) in paragraph at lines 69--70
[]\OT1/cmr/bx/n/10 EXCEPTION \OT1/cmr/m/n/10 are han-dled us-ing a normal-exit 
ver-tex and an exceptional-
 []

<./img/sdg_diagram.png, id=197, 462.72874pt x 338.26375pt>
File: ./img/sdg_diagram.png Graphic file (type png)

<use ./img/sdg_diagram.png>
Package pdftex.def Info: ./img/sdg_diagram.png used on input line 77.
(pdftex.def)             Requested size: 276.00105pt x 201.76234pt.

Underfull \hbox (badness 10000) in paragraph at lines 91--95

 []


Overfull \hbox (0.57468pt too wide) in paragraph at lines 97--100
\OT1/cmr/m/n/10 Each ex-pres-sion has to be sur-rounded by paren-the-sis e.g. (
dis-play "hello world"),
 []


Underfull \hbox (badness 10000) in paragraph at lines 97--100

 []

[39 <./img/sdg_diagram.png (PNG copy)>]
(/usr/share/texlive/texmf-dist/tex/latex/listings/lstlang1.sty
File: lstlang1.sty 2014/03/04 1.5c listings language file
)
(/usr/share/texlive/texmf-dist/tex/latex/listings/lstlang2.sty
File: lstlang2.sty 2014/03/04 1.5c listings language file
) [40]
LaTeX Font Info:    Font shape `OMS/cmr/bx/n' in size <10> not available
(Font)              Font shape `OMS/cmsy/b/n' tried instead on input line 132.
 [41]
[42] [43] <./img/csurf_classdiagram.pdf, id=215, 813.0375pt x 702.625pt>
File: ./img/csurf_classdiagram.pdf Graphic file (type pdf)

<use ./img/csurf_classdiagram.pdf>
Package pdftex.def Info: ./img/csurf_classdiagram.pdf used on input line 256.
(pdftex.def)             Requested size: 413.99895pt x 357.7765pt.

Overfull \hbox (68.99895pt too wide) in paragraph at lines 256--257
[][] 
 []

[44] <./img/dd_descr_tree.pdf, id=219, 813.0375pt x 843.15pt>
File: ./img/dd_descr_tree.pdf Graphic file (type pdf)

<use ./img/dd_descr_tree.pdf>
Package pdftex.def Info: ./img/dd_descr_tree.pdf used on input line 273.
(pdftex.def)             Requested size: 345.0pt x 357.77435pt.
 [45 <./img/csurf_classdiagram.pdf>]) [46 <./img/dd_descr_tree.pdf>] (./notex.b
bl) [47


] (./notex.aux (./taxonomy.aux)
(./aspire.aux) (./debugging.aux) (./math.aux) (./txl.aux) (./R.aux)
(./csurf.aux)) ) 
Here is how much of TeX's memory you used:
 6225 strings out of 495014
 84387 string characters out of 6181039
 272520 words of memory out of 5000000
 9280 multiletter control sequences out of 15000+600000
 12493 words of font info for 45 fonts, out of 8000000 for 9000
 14 hyphenation exceptions out of 8191
 38i,18n,53p,796b,1677s stack positions out of 5000i,500n,10000p,200000b,80000s
</usr/share/texlive/texmf-dist/fonts/type1/public/amsfonts/cm/c
mbsy10.pfb></usr/share/texlive/texmf-dist/fonts/type1/public/amsfonts/cm/cmbx10
.pfb></usr/share/texlive/texmf-dist/fonts/type1/public/amsfonts/cm/cmbx12.pfb><
/usr/share/texlive/texmf-dist/fonts/type1/public/amsfonts/cm/cmmi10.pfb></usr/s
hare/texlive/texmf-dist/fonts/type1/public/amsfonts/cm/cmmi7.pfb></usr/share/te
xlive/texmf-dist/fonts/type1/public/amsfonts/cm/cmmi9.pfb></usr/share/texlive/t
exmf-dist/fonts/type1/public/amsfonts/cm/cmr10.pfb></usr/share/texlive/texmf-di
st/fonts/type1/public/amsfonts/cm/cmr12.pfb></usr/share/texlive/texmf-dist/font
s/type1/public/amsfonts/cm/cmr17.pfb></usr/share/texlive/texmf-dist/fonts/type1
/public/amsfonts/cm/cmr7.pfb></usr/share/texlive/texmf-dist/fonts/type1/public/
amsfonts/cm/cmr9.pfb></usr/share/texlive/texmf-dist/fonts/type1/public/amsfonts
/cm/cmsl10.pfb></usr/share/texlive/texmf-dist/fonts/type1/public/amsfonts/cm/cm
sy10.pfb></usr/share/texlive/texmf-dist/fonts/type1/public/amsfonts/cm/cmsy7.pf
b></usr/share/texlive/texmf-dist/fonts/type1/public/amsfonts/cm/cmsy9.pfb></usr
/share/texlive/texmf-dist/fonts/type1/public/amsfonts/cm/cmti10.pfb></usr/share
/texlive/texmf-dist/fonts/type1/public/amsfonts/cm/cmtt9.pfb>
Output written on notex.pdf (49 pages, 502829 bytes).
PDF statistics:
 296 PDF objects out of 1000 (max. 8388607)
 204 compressed objects within 3 object streams
 0 named destinations out of 1000 (max. 500000)
 61 words of extra memory for PDF output out of 10000 (max. 10000000)

